<?xml version="1.0" encoding="UTF-8"?>
<testsuite name="org.zerock.ex2.repository.MemoRepositoryTests" tests="1" skipped="0" failures="0" errors="0" timestamp="2021-09-01T07:30:43" hostname="302-06" time="0.152">
  <properties/>
  <testcase name="testQueryDelete()" classname="org.zerock.ex2.repository.MemoRepositoryTests" time="0.152"/>
  <system-out><![CDATA[16:30:40.681 [Test worker] DEBUG org.springframework.test.context.BootstrapUtils - Instantiating CacheAwareContextLoaderDelegate from class [org.springframework.test.context.cache.DefaultCacheAwareContextLoaderDelegate]
16:30:40.702 [Test worker] DEBUG org.springframework.test.context.BootstrapUtils - Instantiating BootstrapContext using constructor [public org.springframework.test.context.support.DefaultBootstrapContext(java.lang.Class,org.springframework.test.context.CacheAwareContextLoaderDelegate)]
16:30:40.716 [Test worker] DEBUG org.springframework.test.context.BootstrapUtils - Instantiating TestContextBootstrapper for test class [org.zerock.ex2.repository.MemoRepositoryTests] from class [org.springframework.boot.test.context.SpringBootTestContextBootstrapper]
16:30:40.732 [Test worker] INFO org.springframework.boot.test.context.SpringBootTestContextBootstrapper - Neither @ContextConfiguration nor @ContextHierarchy found for test class [org.zerock.ex2.repository.MemoRepositoryTests], using SpringBootContextLoader
16:30:40.732 [Test worker] DEBUG org.springframework.test.context.support.AbstractContextLoader - Did not detect default resource location for test class [org.zerock.ex2.repository.MemoRepositoryTests]: class path resource [org/zerock/ex2/repository/MemoRepositoryTests-context.xml] does not exist
16:30:40.732 [Test worker] DEBUG org.springframework.test.context.support.AbstractContextLoader - Did not detect default resource location for test class [org.zerock.ex2.repository.MemoRepositoryTests]: class path resource [org/zerock/ex2/repository/MemoRepositoryTestsContext.groovy] does not exist
16:30:40.732 [Test worker] INFO org.springframework.test.context.support.AbstractContextLoader - Could not detect default resource locations for test class [org.zerock.ex2.repository.MemoRepositoryTests]: no resource found for suffixes {-context.xml, Context.groovy}.
16:30:40.732 [Test worker] INFO org.springframework.test.context.support.AnnotationConfigContextLoaderUtils - Could not detect default configuration classes for test class [org.zerock.ex2.repository.MemoRepositoryTests]: MemoRepositoryTests does not declare any static, non-private, non-final, nested classes annotated with @Configuration.
16:30:40.768 [Test worker] DEBUG org.springframework.test.context.support.ActiveProfilesUtils - Could not find an 'annotation declaring class' for annotation type [org.springframework.test.context.ActiveProfiles] and class [org.zerock.ex2.repository.MemoRepositoryTests]
16:30:40.814 [Test worker] DEBUG org.springframework.context.annotation.ClassPathScanningCandidateComponentProvider - Identified candidate component class: file [D:\Haeng\workspace\spring-boot\ex2\build\classes\java\main\org\zerock\ex2\Ex2Application.class]
16:30:40.814 [Test worker] INFO org.springframework.boot.test.context.SpringBootTestContextBootstrapper - Found @SpringBootConfiguration org.zerock.ex2.Ex2Application for test class org.zerock.ex2.repository.MemoRepositoryTests
16:30:40.916 [Test worker] DEBUG org.springframework.boot.test.context.SpringBootTestContextBootstrapper - @TestExecutionListeners is not present for class [org.zerock.ex2.repository.MemoRepositoryTests]: using defaults.
16:30:40.916 [Test worker] INFO org.springframework.boot.test.context.SpringBootTestContextBootstrapper - Loaded default TestExecutionListener class names from location [META-INF/spring.factories]: [org.springframework.boot.test.autoconfigure.restdocs.RestDocsTestExecutionListener, org.springframework.boot.test.autoconfigure.web.client.MockRestServiceServerResetTestExecutionListener, org.springframework.boot.test.autoconfigure.web.servlet.MockMvcPrintOnlyOnFailureTestExecutionListener, org.springframework.boot.test.autoconfigure.web.servlet.WebDriverTestExecutionListener, org.springframework.boot.test.autoconfigure.webservices.client.MockWebServiceServerTestExecutionListener, org.springframework.boot.test.mock.mockito.MockitoTestExecutionListener, org.springframework.boot.test.mock.mockito.ResetMocksTestExecutionListener, org.springframework.test.context.web.ServletTestExecutionListener, org.springframework.test.context.support.DirtiesContextBeforeModesTestExecutionListener, org.springframework.test.context.event.ApplicationEventsTestExecutionListener, org.springframework.test.context.support.DependencyInjectionTestExecutionListener, org.springframework.test.context.support.DirtiesContextTestExecutionListener, org.springframework.test.context.transaction.TransactionalTestExecutionListener, org.springframework.test.context.jdbc.SqlScriptsTestExecutionListener, org.springframework.test.context.event.EventPublishingTestExecutionListener]
16:30:40.916 [Test worker] INFO org.springframework.boot.test.context.SpringBootTestContextBootstrapper - Using TestExecutionListeners: [org.springframework.test.context.web.ServletTestExecutionListener@535ad019, org.springframework.test.context.support.DirtiesContextBeforeModesTestExecutionListener@62508e7c, org.springframework.test.context.event.ApplicationEventsTestExecutionListener@36a641e9, org.springframework.boot.test.mock.mockito.MockitoTestExecutionListener@58ea2125, org.springframework.boot.test.autoconfigure.SpringBootDependencyInjectionTestExecutionListener@5d35e839, org.springframework.test.context.support.DirtiesContextTestExecutionListener@3b70ae8d, org.springframework.test.context.transaction.TransactionalTestExecutionListener@3f5d0903, org.springframework.test.context.jdbc.SqlScriptsTestExecutionListener@36b7f4c4, org.springframework.test.context.event.EventPublishingTestExecutionListener@4431b60b, org.springframework.boot.test.autoconfigure.restdocs.RestDocsTestExecutionListener@7a8b7cc6, org.springframework.boot.test.autoconfigure.web.client.MockRestServiceServerResetTestExecutionListener@2dc96785, org.springframework.boot.test.autoconfigure.web.servlet.MockMvcPrintOnlyOnFailureTestExecutionListener@24d1b72c, org.springframework.boot.test.autoconfigure.web.servlet.WebDriverTestExecutionListener@6d99cc53, org.springframework.boot.test.autoconfigure.webservices.client.MockWebServiceServerTestExecutionListener@4c55e06a, org.springframework.boot.test.mock.mockito.ResetMocksTestExecutionListener@2a46432a]
16:30:40.932 [Test worker] DEBUG org.springframework.test.context.support.AbstractDirtiesContextTestExecutionListener - Before test class: context [DefaultTestContext@1202834e testClass = MemoRepositoryTests, testInstance = [null], testMethod = [null], testException = [null], mergedContextConfiguration = [WebMergedContextConfiguration@4e8740af testClass = MemoRepositoryTests, locations = '{}', classes = '{class org.zerock.ex2.Ex2Application}', contextInitializerClasses = '[]', activeProfiles = '{}', propertySourceLocations = '{}', propertySourceProperties = '{org.springframework.boot.test.context.SpringBootTestContextBootstrapper=true}', contextCustomizers = set[org.springframework.boot.test.autoconfigure.actuate.metrics.MetricsExportContextCustomizerFactory$DisableMetricExportContextCustomizer@34c556eb, org.springframework.boot.test.autoconfigure.properties.PropertyMappingContextCustomizer@0, org.springframework.boot.test.autoconfigure.web.servlet.WebDriverContextCustomizerFactory$Customizer@31f48dbc, org.springframework.boot.test.context.filter.ExcludeFilterContextCustomizer@1a9be8e4, org.springframework.boot.test.json.DuplicateJsonObjectContextCustomizerFactory$DuplicateJsonObjectContextCustomizer@4d3f7af1, org.springframework.boot.test.mock.mockito.MockitoContextCustomizer@0, org.springframework.boot.test.web.client.TestRestTemplateContextCustomizer@75a4dbf3, org.springframework.boot.test.context.SpringBootTestArgs@1, org.springframework.boot.test.context.SpringBootTestWebEnvironment@52242797], resourceBasePath = 'src/main/webapp', contextLoader = 'org.springframework.boot.test.context.SpringBootContextLoader', parent = [null]], attributes = map['org.springframework.test.context.web.ServletTestExecutionListener.activateListener' -> true]], class annotated with @DirtiesContext [false] with mode [null].
16:30:40.948 [Test worker] DEBUG org.springframework.test.context.support.TestPropertySourceUtils - Adding inlined properties to environment: {spring.jmx.enabled=false, org.springframework.boot.test.context.SpringBootTestContextBootstrapper=true}

  .   ____          _            __ _ _
 /\\ / ___'_ __ _ _(_)_ __  __ _ \ \ \ \
( ( )\___ | '_ | '_| | '_ \/ _` | \ \ \ \
 \\/  ___)| |_)| | | | | || (_| |  ) ) ) )
  '  |____| .__|_| |_|_| |_\__, | / / / /
 =========|_|==============|___/=/_/_/_/
 :: Spring Boot ::                (v2.5.4)

2021-09-01 16:30:41.136  INFO 4416 --- [    Test worker] o.z.ex2.repository.MemoRepositoryTests   : Starting MemoRepositoryTests using Java 16.0.1 on 302-06 with PID 4416 (started by YJ in D:\Haeng\workspace\spring-boot\ex2)
2021-09-01 16:30:41.136  INFO 4416 --- [    Test worker] o.z.ex2.repository.MemoRepositoryTests   : No active profile set, falling back to default profiles: default
2021-09-01 16:30:41.592  INFO 4416 --- [    Test worker] .s.d.r.c.RepositoryConfigurationDelegate : Bootstrapping Spring Data JPA repositories in DEFAULT mode.
2021-09-01 16:30:41.629  INFO 4416 --- [    Test worker] .s.d.r.c.RepositoryConfigurationDelegate : Finished Spring Data repository scanning in 31 ms. Found 1 JPA repository interfaces.
2021-09-01 16:30:41.998  INFO 4416 --- [    Test worker] o.hibernate.jpa.internal.util.LogHelper  : HHH000204: Processing PersistenceUnitInfo [name: default]
2021-09-01 16:30:42.042  INFO 4416 --- [    Test worker] org.hibernate.Version                    : HHH000412: Hibernate ORM core version 5.4.32.Final
2021-09-01 16:30:42.132  INFO 4416 --- [    Test worker] o.hibernate.annotations.common.Version   : HCANN000001: Hibernate Commons Annotations {5.1.2.Final}
2021-09-01 16:30:42.198  INFO 4416 --- [    Test worker] com.zaxxer.hikari.HikariDataSource       : HikariPool-1 - Starting...
2021-09-01 16:30:42.250  INFO 4416 --- [    Test worker] com.zaxxer.hikari.HikariDataSource       : HikariPool-1 - Start completed.
2021-09-01 16:30:42.281  INFO 4416 --- [    Test worker] org.hibernate.dialect.Dialect            : HHH000400: Using dialect: org.hibernate.dialect.MariaDB103Dialect
2021-09-01 16:30:42.681  INFO 4416 --- [    Test worker] o.h.e.t.j.p.i.JtaPlatformInitiator       : HHH000490: Using JtaPlatform implementation: [org.hibernate.engine.transaction.jta.platform.internal.NoJtaPlatform]
2021-09-01 16:30:42.681  INFO 4416 --- [    Test worker] j.LocalContainerEntityManagerFactoryBean : Initialized JPA EntityManagerFactory for persistence unit 'default'
2021-09-01 16:30:42.849  WARN 4416 --- [    Test worker] JpaBaseConfiguration$JpaWebConfiguration : spring.jpa.open-in-view is enabled by default. Therefore, database queries may be performed during view rendering. Explicitly configure spring.jpa.open-in-view to disable this warning
2021-09-01 16:30:43.614  INFO 4416 --- [    Test worker] o.z.ex2.repository.MemoRepositoryTests   : Started MemoRepositoryTests in 2.656 seconds (JVM running for 3.517)
Hibernate: 
    delete 
    from
        tbl_memo 
    where
        mno>=?
1 =======================
15
2 =======================
]]></system-out>
  <system-err><![CDATA[]]></system-err>
</testsuite>
